<?xml version="1.0" encoding="UTF-8"?>
<testsuite name="ru.stqa.pft.addressbook.ContactCreationTest" tests="1" skipped="0" failures="0" errors="0" timestamp="2020-07-07T06:39:39" hostname="ws186" time="0.8">
  <properties/>
  <testcase name="contactCreation" classname="ru.stqa.pft.addressbook.ContactCreationTest" time="0.8"/>
  <system-out><![CDATA[]]></system-out>
  <system-err><![CDATA[SLF4J: Failed to load class "org.slf4j.impl.StaticLoggerBinder".
SLF4J: Defaulting to no-operation (NOP) logger implementation
SLF4J: See http://www.slf4j.org/codes.html#StaticLoggerBinder for further details.
Jul 07, 2020 12:39:39 PM org.openqa.selenium.remote.ProtocolHandshake createSession
INFO: Detected dialect: OSS
]]></system-err>
</testsuite>
